<?xml version="1.0" encoding="UTF-8"?>
<testng-results ignored="0" total="1" passed="1" failed="0" skipped="0">
  <reporter-output>
  </reporter-output>
  <suite started-at="2024-07-04T09:59:18 IST" name="Default suite" finished-at="2024-07-04T10:00:10 IST" duration-ms="51933">
    <groups>
    </groups>
    <test started-at="2024-07-04T09:59:18 IST" name="Default test" finished-at="2024-07-04T10:00:10 IST" duration-ms="51933">
      <class name="mainProject.OrangeHrm">
        <test-method is-config="true" signature="oppapp()[pri:0, instance:mainProject.OrangeHrm@4b8ee4de]" started-at="2024-07-04T09:59:18 IST" name="oppapp" finished-at="2024-07-04T09:59:27 IST" duration-ms="8956" status="PASS">
          <reporter-output>
          </reporter-output>
        </test-method> <!-- oppapp -->
        <test-method signature="test()[pri:0, instance:mainProject.OrangeHrm@4b8ee4de]" started-at="2024-07-04T09:59:27 IST" name="test" finished-at="2024-07-04T10:00:10 IST" duration-ms="42423" status="PASS">
          <reporter-output>
          </reporter-output>
        </test-method> <!-- test -->
        <test-method is-config="true" signature="closeapp()[pri:0, instance:mainProject.OrangeHrm@4b8ee4de]" started-at="2024-07-04T10:00:10 IST" name="closeapp" finished-at="2024-07-04T10:00:10 IST" duration-ms="469" status="PASS">
          <reporter-output>
          </reporter-output>
        </test-method> <!-- closeapp -->
      </class> <!-- mainProject.OrangeHrm -->
    </test> <!-- Default test -->
  </suite> <!-- Default suite -->
</testng-results>
